<?xml version="1.0" encoding="UTF-8" ?>
<testsuite tests="9" failures="0" name="com.nix.romanenko.tests.HibernateRoleDaoTest" time="0.218" errors="0" skipped="0">
  <properties>
[...]
</properties>
  <testcase classname="com.nix.romanenko.tests.HibernateRoleDaoTest" name="testCreateExists" time="0.019"/>
  <testcase classname="com.nix.romanenko.tests.HibernateRoleDaoTest" name="testRemoveNotExists" time="0.02"/>
  <testcase classname="com.nix.romanenko.tests.HibernateRoleDaoTest" name="testFindByName" time="0.022"/>
  <testcase classname="com.nix.romanenko.tests.HibernateRoleDaoTest" name="testUpdateNull" time="0.018"/>
  <testcase classname="com.nix.romanenko.tests.HibernateRoleDaoTest" name="testRemoveNull" time="0.016"/>
  <testcase classname="com.nix.romanenko.tests.HibernateRoleDaoTest" name="testCreateNull" time="0.016"/>
  <testcase classname="com.nix.romanenko.tests.HibernateRoleDaoTest" name="testCreate" time="0.029"/>
  <testcase classname="com.nix.romanenko.tests.HibernateRoleDaoTest" name="testRemove" time="0.04"/>
  <testcase classname="com.nix.romanenko.tests.HibernateRoleDaoTest" name="testUpdate" time="0.038"/>
</testsuite>